editor.opened%5B%5D=1362882816893%3APydevEditor_2.3.0.2011121518
plugin.started%5B%5D=1362882823932%3APydev_2.3.0.2011121518
<<<<<<< HEAD
plugin.started%5B%5D=1363029498040%3APydev_2.3.0.2011121518
editor.opened%5B%5D=1363029737725%3APydevEditor_2.3.0.2011121518
=======
plugin.started%5B%5D=1363016187470%3APydev_2.3.0.2011121518
editor.opened%5B%5D=1363016513232%3APydevEditor_2.3.0.2011121518
editor.opened%5B%5D=1363016519499%3APydevEditor_2.3.0.2011121518
editor.opened%5B%5D=1363016620646%3APydevEditor_2.3.0.2011121518
plugin.started%5B%5D=1363030152365%3APydev_2.3.0.2011121518
editor.opened%5B%5D=1363030177570%3APydevEditor_2.3.0.2011121518
editor.opened%5B%5D=1363030630535%3APydevEditor_2.3.0.2011121518
>>>>>>> Dev-Bracnh-March-11th
editor.opened%5B%5D=1363382906136%3APydevEditor_2.3.0.2011121518
plugin.started%5B%5D=1363382908884%3APydev_2.3.0.2011121518
editor.opened%5B%5D=1363458478163%3APydevEditor_2.3.0.2011121518
plugin.started%5B%5D=1363458481567%3APydev_2.3.0.2011121518
editor.opened%5B%5D=1363462431063%3APydevEditor_2.3.0.2011121518
editor.opened%5B%5D=1363468372411%3APydevEditor_2.3.0.2011121518
plugin.started%5B%5D=1363468374830%3APydev_2.3.0.2011121518
editor.opened%5B%5D=1363474749073%3APydevEditor_2.3.0.2011121518
editor.opened%5B%5D=1363474769404%3APydevEditor_2.3.0.2011121518
editor.opened%5B%5D=1363474770898%3APydevEditor_2.3.0.2011121518
editor.opened%5B%5D=1363620881316%3APydevEditor_2.3.0.2011121518
plugin.started%5B%5D=1363620883715%3APydev_2.3.0.2011121518
editor.opened%5B%5D=1363637996741%3APydevEditor_2.3.0.2011121518
plugin.started%5B%5D=1363707283718%3APydev_2.3.0.2011121518
editor.opened%5B%5D=1363707374358%3APydevEditor_2.3.0.2011121518
plugin.started%5B%5D=1363803266634%3APydev_2.3.0.2011121518
plugin.started%5B%5D=1363878259112%3APydev_2.3.0.2011121518
editor.opened%5B%5D=1363885388443%3APydevEditor_2.3.0.2011121518
plugin.started%5B%5D=1363964659183%3APydev_2.3.0.2011121518
editor.opened%5B%5D=1363975529177%3APydevEditor_2.3.0.2011121518
editor.opened%5B%5D=1363977119912%3APydevEditor_2.3.0.2011121518
editor.opened%5B%5D=1363977128857%3APydevEditor_2.3.0.2011121518
editor.opened%5B%5D=1363977474885%3APydevEditor_2.3.0.2011121518
editor.opened%5B%5D=1363978832724%3APydevEditor_2.3.0.2011121518
editor.opened%5B%5D=1363978833922%3APydevEditor_2.3.0.2011121518
plugin.started%5B%5D=1364051827139%3APydev_2.3.0.2011121518
editor.opened%5B%5D=1364063881622%3APydevEditor_2.3.0.2011121518
plugin.started%5B%5D=1364176874929%3APydev_2.3.0.2011121518
plugin.started%5B%5D=1364263274931%3APydev_2.3.0.2011121518
plugin.started%5B%5D=1364447582932%3APydev_2.3.0.2011121518
editor.opened%5B%5D=1364447586121%3APydevEditor_2.3.0.2011121518
editor.opened%5B%5D=1364447735254%3APydevEditor_2.3.0.2011121518
editor.opened%5B%5D=1364521812548%3APydevEditor_2.3.0.2011121518
plugin.started%5B%5D=1364521814834%3APydev_2.3.0.2011121518
editor.opened%5B%5D=1364522811513%3APydevEditor_2.3.0.2011121518
editor.opened%5B%5D=1364527477029%3APydevEditor_2.3.0.2011121518
plugin.started%5B%5D=1364616158666%3APydev_2.3.0.2011121518
plugin.started%5B%5D=1364702558717%3APydev_2.3.0.2011121518
plugin.started%5B%5D=1364789851114%3APydev_2.3.0.2011121518
editor.opened%5B%5D=1364846311593%3APydevEditor_2.3.0.2011121518
editor.opened%5B%5D=1364930236279%3APydevEditor_2.3.0.2011121518
plugin.started%5B%5D=1364930239125%3APydev_2.3.0.2011121518
editor.opened%5B%5D=1364945350879%3APydevEditor_2.3.0.2011121518
editor.opened%5B%5D=1364947268116%3APydevEditor_2.3.0.2011121518
editor.opened%5B%5D=1364948078380%3APydevEditor_2.3.0.2011121518
editor.opened%5B%5D=1364954201194%3APydevEditor_2.3.0.2011121518
editor.opened%5B%5D=1364954938136%3APydevEditor_2.3.0.2011121518
editor.opened%5B%5D=1365105788630%3APydevEditor_2.3.0.2011121518
plugin.started%5B%5D=1365105791840%3APydev_2.3.0.2011121518
editor.opened%5B%5D=1365105805324%3APydevEditor_2.3.0.2011121518
editor.opened%5B%5D=1365105924865%3APydevEditor_2.3.0.2011121518
editor.opened%5B%5D=1365112046509%3APydevEditor_2.3.0.2011121518
editor.opened%5B%5D=1365179248079%3APydevEditor_2.3.0.2011121518
plugin.started%5B%5D=1365179250288%3APydev_2.3.0.2011121518
editor.opened%5B%5D=1365179293900%3APydevEditor_2.3.0.2011121518
editor.opened%5B%5D=1365180138168%3APydevEditor_2.3.0.2011121518
plugin.started%5B%5D=1365180140419%3APydev_2.3.0.2011121518
editor.opened%5B%5D=1365180168629%3APydevEditor_2.3.0.2011121518
editor.opened%5B%5D=1365186460922%3APydevEditor_2.3.0.2011121518
plugin.started%5B%5D=1365186463264%3APydev_2.3.0.2011121518
editor.opened%5B%5D=1365187324628%3APydevEditor_2.3.0.2011121518
plugin.started%5B%5D=1365187327155%3APydev_2.3.0.2011121518
editor.opened%5B%5D=1365187805847%3APydevEditor_2.3.0.2011121518
plugin.started%5B%5D=1365187808001%3APydev_2.3.0.2011121518
editor.opened%5B%5D=1365188377137%3APydevEditor_2.3.0.2011121518
editor.opened%5B%5D=1365190086039%3APydevEditor_2.3.0.2011121518
plugin.started%5B%5D=1365190088836%3APydev_2.3.0.2011121518
editor.opened%5B%5D=1365190482583%3APydevEditor_2.3.0.2011121518
editor.opened%5B%5D=1365190713432%3APydevEditor_2.3.0.2011121518
plugin.started%5B%5D=1365190716323%3APydev_2.3.0.2011121518
editor.opened%5B%5D=1365191731382%3APydevEditor_2.3.0.2011121518
plugin.started%5B%5D=1365191733557%3APydev_2.3.0.2011121518
plugin.started%5B%5D=1365308076204%3APydev_2.3.0.2011121518
plugin.started%5B%5D=1365394476250%3APydev_2.3.0.2011121518
editor.opened%5B%5D=1365436234565%3APydevEditor_2.3.0.2011121518
editor.opened%5B%5D=1365437540952%3APydevEditor_2.3.0.2011121518
editor.opened%5B%5D=1365438452696%3APydevEditor_2.3.0.2011121518
editor.opened%5B%5D=1365438753019%3APydevEditor_2.3.0.2011121518
plugin.started%5B%5D=1365438755294%3APydev_2.3.0.2011121518
editor.opened%5B%5D=1365439446971%3APydevEditor_2.3.0.2011121518
plugin.started%5B%5D=1365439705435%3APydev_2.3.0.2011121518
editor.opened%5B%5D=1365439706879%3APydevEditor_2.3.0.2011121518
editor.opened%5B%5D=1365442034158%3APydevEditor_2.3.0.2011121518
plugin.started%5B%5D=1365442036651%3APydev_2.3.0.2011121518
editor.opened%5B%5D=1365442479573%3APydevEditor_2.3.0.2011121518
plugin.started%5B%5D=1365442482390%3APydev_2.3.0.2011121518
editor.opened%5B%5D=1365452934305%3APydevEditor_2.3.0.2011121518
plugin.started%5B%5D=1365452937149%3APydev_2.3.0.2011121518
editor.opened%5B%5D=1365453866980%3APydevEditor_2.3.0.2011121518
editor.opened%5B%5D=1365521449870%3APydevEditor_2.3.0.2011121518
plugin.started%5B%5D=1365521452318%3APydev_2.3.0.2011121518
editor.opened%5B%5D=1365521490627%3APydevEditor_2.3.0.2011121518
editor.opened%5B%5D=1365521493190%3APydevEditor_2.3.0.2011121518
editor.opened%5B%5D=1365532539412%3APydevEditor_2.3.0.2011121518
plugin.started%5B%5D=1365532542066%3APydev_2.3.0.2011121518
editor.opened%5B%5D=1365532976537%3APydevEditor_2.3.0.2011121518
plugin.started%5B%5D=1365532978948%3APydev_2.3.0.2011121518
editor.opened%5B%5D=1365534086668%3APydevEditor_2.3.0.2011121518
editor.opened%5B%5D=1365542995435%3APydevEditor_2.3.0.2011121518
plugin.started%5B%5D=1365542997843%3APydev_2.3.0.2011121518
editor.opened%5B%5D=1365543000661%3APydevEditor_2.3.0.2011121518
editor.opened%5B%5D=1365543008038%3APydevEditor_2.3.0.2011121518
editor.opened%5B%5D=1365557020626%3APydevEditor_2.3.0.2011121518
editor.opened%5B%5D=1365603299644%3APydevEditor_2.3.0.2011121518
editor.opened%5B%5D=1365608106950%3APydevEditor_2.3.0.2011121518
plugin.started%5B%5D=1365629397846%3APydev_2.3.0.2011121518
editor.opened%5B%5D=1365629921360%3APydevEditor_2.3.0.2011121518
plugin.started%5B%5D=1365735856338%3APydev_2.3.0.2011121518
plugin.started%5B%5D=1366128993526%3APydev_2.3.0.2011121518
plugin.started%5B%5D=1366215393588%3APydev_2.3.0.2011121518
editor.opened%5B%5D=1366222173108%3APydevEditor_2.3.0.2011121518
editor.opened%5B%5D=1366227272222%3APydevEditor_2.3.0.2011121518
editor.opened%5B%5D=1366227396938%3APydevEditor_2.3.0.2011121518
editor.opened%5B%5D=1366234053036%3APydevEditor_2.3.0.2011121518
editor.opened%5B%5D=1366234061709%3APydevEditor_2.3.0.2011121518
editor.opened%5B%5D=1366234745080%3APydevEditor_2.3.0.2011121518
editor.opened%5B%5D=1366249021738%3APydevEditor_2.3.0.2011121518
editor.opened%5B%5D=1366249089310%3APydevEditor_2.3.0.2011121518
plugin.started%5B%5D=1366331306140%3APydev_2.3.0.2011121518
plugin.started%5B%5D=1366384420358%3APydev_2.3.0.2011121518
editor.opened%5B%5D=1366407026465%3APydevEditor_2.3.0.2011121518
plugin.started%5B%5D=1366470820363%3APydev_2.3.0.2011121518
editor.opened%5B%5D=1366498913797%3APydevEditor_2.3.0.2011121518
plugin.started%5B%5D=1366594714840%3APydev_2.3.0.2011121518
plugin.started%5B%5D=1366658814746%3APydev_2.3.0.2011121518
plugin.started%5B%5D=1366837332209%3APydev_2.3.0.2011121518
editor.opened%5B%5D=1366905663370%3APydevEditor_2.3.0.2011121518
editor.opened%5B%5D=1366906780635%3APydevEditor_2.3.0.2011121518
editor.opened%5B%5D=1366906888123%3APydevEditor_2.3.0.2011121518
plugin.started%5B%5D=1366923732274%3APydev_2.3.0.2011121518
plugin.started%5B%5D=1366924839175%3APydev_2.3.0.2011121518
editor.opened%5B%5D=1366930998341%3APydevEditor_2.3.0.2011121518
plugin.started%5B%5D=1366931000939%3APydev_2.3.0.2011121518
editor.opened%5B%5D=1367438927027%3APydevEditor_2.3.0.2011121518
plugin.started%5B%5D=1367438930007%3APydev_2.3.0.2011121518
editor.opened%5B%5D=1367440413341%3APydevEditor_2.3.0.2011121518
editor.opened%5B%5D=1367440439145%3APydevEditor_2.3.0.2011121518
editor.opened%5B%5D=1367443041620%3APydevEditor_2.3.0.2011121518
plugin.started%5B%5D=1367525330059%3APydev_2.3.0.2011121518
editor.opened%5B%5D=1367525606720%3APydevEditor_2.3.0.2011121518
editor.opened%5B%5D=1367525635251%3APydevEditor_2.3.0.2011121518
editor.opened%5B%5D=1367525653053%3APydevEditor_2.3.0.2011121518
editor.opened%5B%5D=1367525686427%3APydevEditor_2.3.0.2011121518
editor.opened%5B%5D=1367525706112%3APydevEditor_2.3.0.2011121518
editor.opened%5B%5D=1367525733240%3APydevEditor_2.3.0.2011121518
editor.opened%5B%5D=1367526469469%3APydevEditor_2.3.0.2011121518
editor.opened%5B%5D=1367526619620%3APydevEditor_2.3.0.2011121518
plugin.started%5B%5D=1367611730110%3APydev_2.3.0.2011121518
plugin.started%5B%5D=1367698324569%3APydev_2.3.0.2011121518
editor.opened%5B%5D=1367834424188%3APydevEditor_2.3.0.2011121518
plugin.started%5B%5D=1367834427272%3APydev_2.3.0.2011121518
editor.opened%5B%5D=1367854127836%3APydevEditor_2.3.0.2011121518
plugin.started%5B%5D=1367854130586%3APydev_2.3.0.2011121518
editor.opened%5B%5D=1368121201768%3APydevEditor_2.3.0.2011121518
plugin.started%5B%5D=1368121204263%3APydev_2.3.0.2011121518
editor.opened%5B%5D=1368131480259%3APydevEditor_2.3.0.2011121518
editor.opened%5B%5D=1368149721053%3APydevEditor_2.3.0.2011121518
editor.opened%5B%5D=1368155890200%3APydevEditor_2.3.0.2011121518
editor.opened%5B%5D=1368851255338%3APydevEditor_2.3.0.2011121518
plugin.started%5B%5D=1368851257799%3APydev_2.3.0.2011121518
editor.opened%5B%5D=1368851273544%3APydevEditor_2.3.0.2011121518
editor.opened%5B%5D=1368851608864%3APydevEditor_2.3.0.2011121518
editor.opened%5B%5D=1368851611318%3APydevEditor_2.3.0.2011121518
plugin.started%5B%5D=1369112578740%3APydev_2.3.0.2011121518
plugin.started%5B%5D=1370957132470%3APydev_2.3.0.2011121518
editor.opened%5B%5D=1370973107351%3APydevEditor_2.3.0.2011121518
editor.opened%5B%5D=1370973333435%3APydevEditor_2.3.0.2011121518
editor.opened%5B%5D=1370973405733%3APydevEditor_2.3.0.2011121518
editor.opened%5B%5D=1370973548864%3APydevEditor_2.3.0.2011121518
editor.opened%5B%5D=1370974070067%3APydevEditor_2.3.0.2011121518
plugin.started%5B%5D=1371043532499%3APydev_2.3.0.2011121518
editor.opened%5B%5D=1371046272514%3APydevEditor_2.3.0.2011121518
editor.opened%5B%5D=1371051171860%3APydevEditor_2.3.0.2011121518
plugin.started%5B%5D=1371130821086%3APydev_2.3.0.2011121518
plugin.started%5B%5D=1371154186889%3APydev_2.3.0.2011121518
editor.opened%5B%5D=1371163145622%3APydevEditor_2.3.0.2011121518
editor.opened%5B%5D=1371163287284%3APydevEditor_2.3.0.2011121518
editor.opened%5B%5D=1371164937488%3APydevEditor_2.3.0.2011121518
editor.opened%5B%5D=1371164941250%3APydevEditor_2.3.0.2011121518
plugin.started%5B%5D=1371243202662%3APydev_2.3.0.2011121518
editor.opened%5B%5D=1371251603623%3APydevEditor_2.3.0.2011121518
plugin.started%5B%5D=1371251605781%3APydev_2.3.0.2011121518
editor.opened%5B%5D=1371251952244%3APydevEditor_2.3.0.2011121518
editor.opened%5B%5D=1371478623255%3APydevEditor_2.3.0.2011121518
plugin.started%5B%5D=1371478625531%3APydev_2.3.0.2011121518
editor.opened%5B%5D=1371478688590%3APydevEditor_2.3.0.2011121518
editor.opened%5B%5D=1371479807048%3APydevEditor_2.3.0.2011121518
plugin.started%5B%5D=1371479809409%3APydev_2.3.0.2011121518
plugin.started%5B%5D=1371566209461%3APydev_2.3.0.2011121518
plugin.started%5B%5D=1371652609462%3APydev_2.3.0.2011121518
plugin.started%5B%5D=1371917761282%3APydev_2.3.0.2011121518
editor.opened%5B%5D=1371917772603%3APydevEditor_2.3.0.2011121518
editor.opened%5B%5D=1371919355486%3APydevEditor_2.3.0.2011121518
plugin.started%5B%5D=1372092765939%3APydev_2.3.0.2011121518
plugin.started%5B%5D=1372179166016%3APydev_2.3.0.2011121518
plugin.started%5B%5D=1372342948238%3APydev_2.3.0.2011121518
editor.opened%5B%5D=1372342976622%3APydevEditor_2.3.0.2011121518
editor.opened%5B%5D=1372343336121%3APydevEditor_2.3.0.2011121518
editor.opened%5B%5D=1372345285086%3APydevEditor_2.3.0.2011121518
editor.opened%5B%5D=1372345302562%3APydevEditor_2.3.0.2011121518
editor.opened%5B%5D=1372345813545%3APydevEditor_2.3.0.2011121518
editor.opened%5B%5D=1372346213236%3APydevEditor_2.3.0.2011121518
editor.opened%5B%5D=1372370497534%3APydevEditor_2.3.0.2011121518
editor.opened%5B%5D=1372370503850%3APydevEditor_2.3.0.2011121518
plugin.started%5B%5D=1372429931681%3APydev_2.3.0.2011121518
plugin.started%5B%5D=1372530245752%3APydev_2.3.0.2011121518
editor.opened%5B%5D=1372532805583%3APydevEditor_2.3.0.2011121518
